Running: C:\Xilinx\14.5\ISE_DS\ISE\bin\nt\unwrapped\fuse.exe -intstyle ise -incremental -lib unisims_ver -lib unimacro_ver -lib xilinxcorelib_ver -o C:/Users/PC/Desktop/ALU_16_bit/ALU_16_bit/ALU_main/ALU_tb_isim_beh.exe -prj C:/Users/PC/Desktop/ALU_16_bit/ALU_16_bit/ALU_main/ALU_tb_beh.prj work.ALU_tb work.glbl 
ISim P.58f (signature 0x8ef4fb42)
Number of CPUs detected in this system: 8
Turning on mult-threading, number of parallel sub-compilation jobs: 16 
Determining compilation order of HDL files
Analyzing Verilog file "C:/Users/PC/Desktop/ALU_16_bit/ALU_16_bit/ALU_main/ALU_Main.v" into library work
Analyzing Verilog file "C:/Users/PC/Desktop/ALU_16_bit/ALU_16_bit/ALU_main/ALU_tb.v" into library work
Analyzing Verilog file "C:/Xilinx/14.5/ISE_DS/ISE//verilog/src/glbl.v" into library work
Starting static elaboration
Completed static elaboration
Fuse Memory Usage: 159308 KB
Fuse CPU Usage: 140 ms
Compiling module ALU_Main
Compiling module ALU_tb
Compiling module glbl
Time Resolution for simulation is 1ps.
Waiting for 1 sub-compilation(s) to finish...
Compiled 3 Verilog Units
Built simulation executable C:/Users/PC/Desktop/ALU_16_bit/ALU_16_bit/ALU_main/ALU_tb_isim_beh.exe
Fuse Memory Usage: 165808 KB
Fuse CPU Usage: 171 ms
