Running: D:\Xilinx\14.7\ISE_DS\ISE\bin\nt\unwrapped\fuse.exe -intstyle ise -incremental -lib unisims_ver -lib unimacro_ver -lib xilinxcorelib_ver -o C:/Users/aites/Downloads/Reg_File_V2.0/Reg_File/REG_File/Register_File_tb_isim_beh.exe -prj C:/Users/aites/Downloads/Reg_File_V2.0/Reg_File/REG_File/Register_File_tb_beh.prj work.Register_File_tb work.glbl 
ISim P.20131013 (signature 0x8ef4fb42)
Number of CPUs detected in this system: 8
Turning on mult-threading, number of parallel sub-compilation jobs: 16 
Determining compilation order of HDL files
Analyzing Verilog file "C:/Users/aites/Downloads/Reg_File_V2.0/Reg_File/REG_File/R_16B.v" into library work
Analyzing Verilog file "C:/Users/aites/Downloads/Reg_File_V2.0/Reg_File/REG_File/Register_File.v" into library work
Analyzing Verilog file "C:/Users/aites/Downloads/Reg_File_V2.0/Reg_File/REG_File/Register_File_tb.v" into library work
Analyzing Verilog file "D:/Xilinx/14.7/ISE_DS/ISE//verilog/src/glbl.v" into library work
Starting static elaboration
Completed static elaboration
Fuse Memory Usage: 159320 KB
Fuse CPU Usage: 250 ms
Compiling module R_16B
Compiling module Register_File
Compiling module Register_File_tb
Compiling module glbl
Time Resolution for simulation is 1ps.
Waiting for 1 sub-compilation(s) to finish...
Compiled 4 Verilog Units
Built simulation executable C:/Users/aites/Downloads/Reg_File_V2.0/Reg_File/REG_File/Register_File_tb_isim_beh.exe
Fuse Memory Usage: 165820 KB
Fuse CPU Usage: 343 ms
