Release 14.7 - xst P.20131013 (nt)
Copyright (c) 1995-2013 Xilinx, Inc.  All rights reserved.
--> Parameter TMPDIR set to xst/projnav.tmp


Total REAL time to Xst completion: 0.00 secs
Total CPU time to Xst completion: 0.08 secs
 
--> Parameter xsthdpdir set to xst


Total REAL time to Xst completion: 0.00 secs
Total CPU time to Xst completion: 0.09 secs
 
--> Reading design: Register_16_bit.prj

TABLE OF CONTENTS
  1) Synthesis Options Summary
  2) HDL Compilation
  3) Design Hierarchy Analysis
  4) HDL Analysis
  5) HDL Synthesis
     5.1) HDL Synthesis Report
  6) Advanced HDL Synthesis
     6.1) Advanced HDL Synthesis Report
  7) Low Level Synthesis
  8) Partition Report
  9) Final Report
	9.1) Device utilization summary
	9.2) Partition Resource Summary
	9.3) TIMING REPORT


=========================================================================
*                      Synthesis Options Summary                        *
=========================================================================
---- Source Parameters
Input File Name                    : "Register_16_bit.prj"
Input Format                       : mixed
Ignore Synthesis Constraint File   : NO

---- Target Parameters
Output File Name                   : "Register_16_bit"
Output Format                      : NGC
Target Device                      : xc3s100e-5-vq100

---- Source Options
Top Module Name                    : Register_16_bit
Automatic FSM Extraction           : YES
FSM Encoding Algorithm             : Auto
Safe Implementation                : No
FSM Style                          : LUT
RAM Extraction                     : Yes
RAM Style                          : Auto
ROM Extraction                     : Yes
Mux Style                          : Auto
Decoder Extraction                 : YES
Priority Encoder Extraction        : Yes
Shift Register Extraction          : YES
Logical Shifter Extraction         : YES
XOR Collapsing                     : YES
ROM Style                          : Auto
Mux Extraction                     : Yes
Resource Sharing                   : YES
Asynchronous To Synchronous        : NO
Multiplier Style                   : Auto
Automatic Register Balancing       : No

---- Target Options
Add IO Buffers                     : YES
Global Maximum Fanout              : 500
Add Generic Clock Buffer(BUFG)     : 24
Register Duplication               : YES
Slice Packing                      : YES
Optimize Instantiated Primitives   : NO
Use Clock Enable                   : Yes
Use Synchronous Set                : Yes
Use Synchronous Reset              : Yes
Pack IO Registers into IOBs        : Auto
Equivalent register Removal        : YES

---- General Options
Optimization Goal                  : Speed
Optimization Effort                : 1
Keep Hierarchy                     : No
Netlist Hierarchy                  : As_Optimized
RTL Output                         : Yes
Global Optimization                : AllClockNets
Read Cores                         : YES
Write Timing Constraints           : NO
Cross Clock Analysis               : NO
Hierarchy Separator                : /
Bus Delimiter                      : <>
Case Specifier                     : Maintain
Slice Utilization Ratio            : 100
BRAM Utilization Ratio             : 100
Verilog 2001                       : YES
Auto BRAM Packing                  : NO
Slice Utilization Ratio Delta      : 5

=========================================================================


=========================================================================
*                          HDL Compilation                              *
=========================================================================
Compiling verilog file "Register_16_bit.v" in library work
Module <Register_16_bit> compiled
No errors in compilation
Analysis of file <"Register_16_bit.prj"> succeeded.
 

=========================================================================
*                     Design Hierarchy Analysis                         *
=========================================================================
Analyzing hierarchy for module <Register_16_bit> in library <work>.


=========================================================================
*                            HDL Analysis                               *
=========================================================================
Analyzing top module <Register_16_bit>.
Module <Register_16_bit> is correct for synthesis.
 

=========================================================================
*                           HDL Synthesis                               *
=========================================================================

Performing bidirectional port resolution...

Synthesizing Unit <Register_16_bit>.
    Related source file is "Register_16_bit.v".
    Found 16-bit register for signal <reg_data_out>.
    Summary:
	inferred  16 D-type flip-flop(s).
Unit <Register_16_bit> synthesized.


=========================================================================
HDL Synthesis Report

Macro Statistics
# Registers                                            : 1
 16-bit register                                       : 1

=========================================================================

=========================================================================
*                       Advanced HDL Synthesis                          *
=========================================================================


=========================================================================
Advanced HDL Synthesis Report

Macro Statistics
# Registers                                            : 16
 Flip-Flops                                            : 16

=========================================================================

=========================================================================
*                         Low Level Synthesis                           *
=========================================================================

Optimizing unit <Register_16_bit> ...

Mapping all equations...
Building and optimizing final netlist ...
Found area constraint ratio of 100 (+ 5) on block Register_16_bit, actual ratio is 0.

Final Macro Processing ...

=========================================================================
Final Register Report

Macro Statistics
# Registers                                            : 16
 Flip-Flops                                            : 16

=========================================================================

=========================================================================
*                           Partition Report                            *
=========================================================================

Partition Implementation Status
-------------------------------

  No Partitions were found in this design.

-------------------------------

=========================================================================
*                            Final Report                               *
=========================================================================
Final Results
RTL Top Level Output File Name     : Register_16_bit.ngr
Top Level Output File Name         : Register_16_bit
Output Format                      : NGC
Optimization Goal                  : Speed
Keep Hierarchy                     : No

Design Statistics
# IOs                              : 35

Cell Usage :
# FlipFlops/Latches                : 16
#      FDCE                        : 16
# Clock Buffers                    : 1
#      BUFGP                       : 1
# IO Buffers                       : 34
#      IBUF                        : 18
#      OBUF                        : 16
=========================================================================

Device utilization summary:
---------------------------

Selected Device : 3s100evq100-5 

 Number of Slices:                        0  out of    960     0%  
 Number of IOs:                          35
 Number of bonded IOBs:                  35  out of     66    53%  
    IOB Flip Flops:                      16
 Number of GCLKs:                         1  out of     24     4%  

---------------------------
Partition Resource Summary:
---------------------------

  No Partitions were found in this design.

---------------------------


=========================================================================
TIMING REPORT

NOTE: THESE TIMING NUMBERS ARE ONLY A SYNTHESIS ESTIMATE.
      FOR ACCURATE TIMING INFORMATION PLEASE REFER TO THE TRACE REPORT
      GENERATED AFTER PLACE-and-ROUTE.

Clock Information:
------------------
-----------------------------------+------------------------+-------+
Clock Signal                       | Clock buffer(FF name)  | Load  |
-----------------------------------+------------------------+-------+
clk                                | BUFGP                  | 16    |
-----------------------------------+------------------------+-------+

Asynchronous Control Signals Information:
----------------------------------------
-----------------------------------+------------------------+-------+
Control Signal                     | Buffer(FF name)        | Load  |
-----------------------------------+------------------------+-------+
rst                                | IBUF                   | 16    |
-----------------------------------+------------------------+-------+

Timing Summary:
---------------
Speed Grade: -5

   Minimum period: No path found
   Minimum input arrival time before clock: 2.468ns
   Maximum output required time after clock: 4.040ns
   Maximum combinational path delay: No path found

Timing Detail:
--------------
All values displayed in nanoseconds (ns)

=========================================================================
Timing constraint: Default OFFSET IN BEFORE for Clock 'clk'
  Total number of paths / destination ports: 32 / 32
-------------------------------------------------------------------------
Offset:              2.468ns (Levels of Logic = 1)
  Source:            wr_en (PAD)
  Destination:       reg_data_out_0 (FF)
  Destination Clock: clk rising

  Data Path: wr_en to reg_data_out_0
                                Gate     Net
    Cell:in->out      fanout   Delay   Delay  Logical Name (Net Name)
    ----------------------------------------  ------------
     IBUF:I->O            16   1.106   0.879  wr_en_IBUF (wr_en_IBUF)
     FDCE:CE                   0.483          reg_data_out_0
    ----------------------------------------
    Total                      2.468ns (1.589ns logic, 0.879ns route)
                                       (64.4% logic, 35.6% route)

=========================================================================
Timing constraint: Default OFFSET OUT AFTER for Clock 'clk'
  Total number of paths / destination ports: 16 / 16
-------------------------------------------------------------------------
Offset:              4.040ns (Levels of Logic = 1)
  Source:            reg_data_out_15 (FF)
  Destination:       data_out<15> (PAD)
  Source Clock:      clk rising

  Data Path: reg_data_out_15 to data_out<15>
                                Gate     Net
    Cell:in->out      fanout   Delay   Delay  Logical Name (Net Name)
    ----------------------------------------  ------------
     FDCE:C->Q             1   0.514   0.357  reg_data_out_15 (reg_data_out_15)
     OBUF:I->O                 3.169          data_out_15_OBUF (data_out<15>)
    ----------------------------------------
    Total                      4.040ns (3.683ns logic, 0.357ns route)
                                       (91.2% logic, 8.8% route)

=========================================================================


Total REAL time to Xst completion: 2.00 secs
Total CPU time to Xst completion: 2.42 secs
 
--> 

Total memory usage is 230260 kilobytes

Number of errors   :    0 (   0 filtered)
Number of warnings :    0 (   0 filtered)
Number of infos    :    0 (   0 filtered)

