Running: D:\Xilinx\14.7\ISE_DS\ISE\bin\nt64\unwrapped\fuse.exe -intstyle ise -incremental -lib unisims_ver -lib unimacro_ver -lib xilinxcorelib_ver -o C:/Users/aites/Desktop/Clock_gen/clock_generator/clock_gen_tb_isim_beh.exe -prj C:/Users/aites/Desktop/Clock_gen/clock_generator/clock_gen_tb_beh.prj work.clock_gen_tb work.glbl 
ISim P.20131013 (signature 0x7708f090)
Number of CPUs detected in this system: 8
Turning on mult-threading, number of parallel sub-compilation jobs: 16 
Determining compilation order of HDL files
Analyzing Verilog file "C:/Users/aites/Desktop/Clock_gen/clock_generator/D_FF.v" into library work
Analyzing Verilog file "C:/Users/aites/Desktop/Clock_gen/clock_generator/clock_gen_master.v" into library work
Analyzing Verilog file "C:/Users/aites/Desktop/Clock_gen/clock_generator/clock_gen_tb.v" into library work
Analyzing Verilog file "D:/Xilinx/14.7/ISE_DS/ISE//verilog/src/glbl.v" into library work
Starting static elaboration
Completed static elaboration
Compiling module D_FF
Compiling module clock_gen_master
Compiling module clock_gen_tb
Compiling module glbl
Time Resolution for simulation is 1ps.
Waiting for 1 sub-compilation(s) to finish...
Compiled 4 Verilog Units
Built simulation executable C:/Users/aites/Desktop/Clock_gen/clock_generator/clock_gen_tb_isim_beh.exe
Fuse Memory Usage: 28048 KB
Fuse CPU Usage: 577 ms
