Release 14.7 - xst P.20131013 (nt64)
Copyright (c) 1995-2013 Xilinx, Inc.  All rights reserved.
--> Parameter TMPDIR set to xst/projnav.tmp


Total REAL time to Xst completion: 0.00 secs
Total CPU time to Xst completion: 0.08 secs
 
--> Parameter xsthdpdir set to xst


Total REAL time to Xst completion: 0.00 secs
Total CPU time to Xst completion: 0.08 secs
 
--> Reading design: ALU_Main.prj

TABLE OF CONTENTS
  1) Synthesis Options Summary
  2) HDL Compilation
  3) Design Hierarchy Analysis
  4) HDL Analysis
  5) HDL Synthesis
     5.1) HDL Synthesis Report
  6) Advanced HDL Synthesis
     6.1) Advanced HDL Synthesis Report
  7) Low Level Synthesis
  8) Partition Report
  9) Final Report
	9.1) Device utilization summary
	9.2) Partition Resource Summary
	9.3) TIMING REPORT


=========================================================================
*                      Synthesis Options Summary                        *
=========================================================================
---- Source Parameters
Input File Name                    : "ALU_Main.prj"
Input Format                       : mixed
Ignore Synthesis Constraint File   : NO

---- Target Parameters
Output File Name                   : "ALU_Main"
Output Format                      : NGC
Target Device                      : xc3s500e-4-fg320

---- Source Options
Top Module Name                    : ALU_Main
Automatic FSM Extraction           : YES
FSM Encoding Algorithm             : Auto
Safe Implementation                : No
FSM Style                          : LUT
RAM Extraction                     : Yes
RAM Style                          : Auto
ROM Extraction                     : Yes
Mux Style                          : Auto
Decoder Extraction                 : YES
Priority Encoder Extraction        : Yes
Shift Register Extraction          : YES
Logical Shifter Extraction         : YES
XOR Collapsing                     : YES
ROM Style                          : Auto
Mux Extraction                     : Yes
Resource Sharing                   : YES
Asynchronous To Synchronous        : NO
Multiplier Style                   : Auto
Automatic Register Balancing       : No

---- Target Options
Add IO Buffers                     : YES
Global Maximum Fanout              : 100000
Add Generic Clock Buffer(BUFG)     : 24
Register Duplication               : YES
Slice Packing                      : YES
Optimize Instantiated Primitives   : NO
Use Clock Enable                   : Yes
Use Synchronous Set                : Yes
Use Synchronous Reset              : Yes
Pack IO Registers into IOBs        : Auto
Equivalent register Removal        : YES

---- General Options
Optimization Goal                  : Speed
Optimization Effort                : 1
Keep Hierarchy                     : No
Netlist Hierarchy                  : As_Optimized
RTL Output                         : Yes
Global Optimization                : AllClockNets
Read Cores                         : YES
Write Timing Constraints           : NO
Cross Clock Analysis               : NO
Hierarchy Separator                : /
Bus Delimiter                      : <>
Case Specifier                     : Maintain
Slice Utilization Ratio            : 100
BRAM Utilization Ratio             : 100
Verilog 2001                       : YES
Auto BRAM Packing                  : NO
Slice Utilization Ratio Delta      : 5

=========================================================================


=========================================================================
*                          HDL Compilation                              *
=========================================================================
Compiling verilog file "ALU_Main.v" in library work
Module <ALU_Main> compiled
No errors in compilation
Analysis of file <"ALU_Main.prj"> succeeded.
 

=========================================================================
*                     Design Hierarchy Analysis                         *
=========================================================================
Analyzing hierarchy for module <ALU_Main> in library <work>.


=========================================================================
*                            HDL Analysis                               *
=========================================================================
Analyzing top module <ALU_Main>.
Module <ALU_Main> is correct for synthesis.
 

=========================================================================
*                           HDL Synthesis                               *
=========================================================================

Performing bidirectional port resolution...

Synthesizing Unit <ALU_Main>.
    Related source file is "ALU_Main.v".
WARNING:Xst:643 - "ALU_Main.v" line 66: The result of a 16x16-bit multiplication is partially used. Only the 16 least significant bits are used. If you are doing this on purpose, you may safely ignore this warning. Otherwise, make sure you are not losing information, leading to unexpected circuit behavior.
    Found 16-bit 8-to-1 multiplexer for signal <d_out>.
    Found 16-bit adder for signal <d_out1>.
    Found 16x16-bit multiplier for signal <d_out2$mult0001> created at line 66.
    Found 16-bit comparator greater for signal <d_out6>.
    Found 16-bit comparator less for signal <d_out7>.
    Found 16-bit shifter logical left for signal <d_out8$shift0000>.
    Summary:
	inferred   1 Adder/Subtractor(s).
	inferred   1 Multiplier(s).
	inferred   2 Comparator(s).
	inferred  16 Multiplexer(s).
	inferred   1 Combinational logic shifter(s).
Unit <ALU_Main> synthesized.


=========================================================================
HDL Synthesis Report

Macro Statistics
# Multipliers                                          : 1
 16x16-bit multiplier                                  : 1
# Adders/Subtractors                                   : 1
 16-bit adder                                          : 1
# Comparators                                          : 2
 16-bit comparator greater                             : 1
 16-bit comparator less                                : 1
# Multiplexers                                         : 16
 1-bit 8-to-1 multiplexer                              : 16
# Logic shifters                                       : 1
 16-bit shifter logical left                           : 1

=========================================================================

=========================================================================
*                       Advanced HDL Synthesis                          *
=========================================================================


=========================================================================
Advanced HDL Synthesis Report

Macro Statistics
# Multipliers                                          : 1
 16x16-bit multiplier                                  : 1
# Adders/Subtractors                                   : 1
 16-bit adder                                          : 1
# Comparators                                          : 2
 16-bit comparator greater                             : 1
 16-bit comparator less                                : 1
# Multiplexers                                         : 16
 1-bit 8-to-1 multiplexer                              : 16
# Logic shifters                                       : 1
 16-bit shifter logical left                           : 1

=========================================================================

=========================================================================
*                         Low Level Synthesis                           *
=========================================================================

Optimizing unit <ALU_Main> ...

Mapping all equations...
Building and optimizing final netlist ...
Found area constraint ratio of 100 (+ 5) on block ALU_Main, actual ratio is 2.

Final Macro Processing ...

=========================================================================
Final Register Report

Found no macro
=========================================================================

=========================================================================
*                           Partition Report                            *
=========================================================================

Partition Implementation Status
-------------------------------

  No Partitions were found in this design.

-------------------------------

=========================================================================
*                            Final Report                               *
=========================================================================
Final Results
RTL Top Level Output File Name     : ALU_Main.ngr
Top Level Output File Name         : ALU_Main
Output Format                      : NGC
Optimization Goal                  : Speed
Keep Hierarchy                     : No

Design Statistics
# IOs                              : 54

Cell Usage :
# BELS                             : 273
#      GND                         : 1
#      INV                         : 1
#      LUT2                        : 53
#      LUT3                        : 55
#      LUT4                        : 65
#      MUXCY                       : 47
#      MUXF5                       : 33
#      MUXF6                       : 1
#      VCC                         : 1
#      XORCY                       : 16
# IO Buffers                       : 54
#      IBUF                        : 35
#      OBUF                        : 19
# MULTs                            : 1
#      MULT18X18SIO                : 1
=========================================================================

Device utilization summary:
---------------------------

Selected Device : 3s500efg320-4 

 Number of Slices:                       93  out of   4656     1%  
 Number of 4 input LUTs:                174  out of   9312     1%  
 Number of IOs:                          54
 Number of bonded IOBs:                  54  out of    232    23%  
 Number of MULT18X18SIOs:                 1  out of     20     5%  

---------------------------
Partition Resource Summary:
---------------------------

  No Partitions were found in this design.

---------------------------


=========================================================================
TIMING REPORT

NOTE: THESE TIMING NUMBERS ARE ONLY A SYNTHESIS ESTIMATE.
      FOR ACCURATE TIMING INFORMATION PLEASE REFER TO THE TRACE REPORT
      GENERATED AFTER PLACE-and-ROUTE.

Clock Information:
------------------
No clock signals found in this design

Asynchronous Control Signals Information:
----------------------------------------
No asynchronous control signals found in this design

Timing Summary:
---------------
Speed Grade: -4

   Minimum period: No path found
   Minimum input arrival time before clock: No path found
   Maximum output required time after clock: No path found
   Maximum combinational path delay: 14.038ns

Timing Detail:
--------------
All values displayed in nanoseconds (ns)

=========================================================================
Timing constraint: Default path analysis
  Total number of paths / destination ports: 1874 / 19
-------------------------------------------------------------------------
Delay:               14.038ns (Levels of Logic = 7)
  Source:            d_in_2<1> (PAD)
  Destination:       d_out<15> (PAD)

  Data Path: d_in_2<1> to d_out<15>
                                Gate     Net
    Cell:in->out      fanout   Delay   Delay  Logical Name (Net Name)
    ----------------------------------------  ------------
     IBUF:I->O            35   1.218   1.263  d_in_2_1_IBUF (d_in_2_1_IBUF)
     MULT18X18SIO:B1->P15    1   4.834   0.455  Mmult_d_out2_mult0001 (d_out2<15>)
     LUT3:I2->O            1   0.704   0.000  Mmux_d_out<15>_7 (Mmux_d_out<15>_7)
     MUXF5:I0->O           2   0.321   0.526  Mmux_d_out<15>_5_f5 (Mmux_d_out<15>_5_f5)
     LUT4:I1->O            1   0.704   0.000  alu_op<2>112011 (alu_op<2>11201)
     MUXF5:I1->O           1   0.321   0.420  alu_op<2>11201_f5 (d_out_15_OBUF)
     OBUF:I->O                 3.272          d_out_15_OBUF (d_out<15>)
    ----------------------------------------
    Total                     14.038ns (11.374ns logic, 2.664ns route)
                                       (81.0% logic, 19.0% route)

=========================================================================


Total REAL time to Xst completion: 4.00 secs
Total CPU time to Xst completion: 3.69 secs
 
--> 

Total memory usage is 4514816 kilobytes

Number of errors   :    0 (   0 filtered)
Number of warnings :    1 (   0 filtered)
Number of infos    :    0 (   0 filtered)

