--------------------------------------------------------------------------------
Release 14.7 Trace  (nt)
Copyright (c) 1995-2013 Xilinx, Inc.  All rights reserved.

D:\Xilinx\14.7\ISE_DS\ISE\bin\nt\unwrapped\trce.exe -intstyle ise -v 3 -s 4 -n
3 -fastpaths -xml Program_Counter.twx Program_Counter.ncd -o
Program_Counter.twr Program_Counter.pcf

Design file:              Program_Counter.ncd
Physical constraint file: Program_Counter.pcf
Device,package,speed:     xc3s500e,fg320,-4 (PRODUCTION 1.27 2013-10-13)
Report level:             verbose report

Environment Variable      Effect 
--------------------      ------ 
NONE                      No environment variables were set
--------------------------------------------------------------------------------

INFO:Timing:2698 - No timing constraints found, doing default enumeration.
INFO:Timing:3412 - To improve timing, see the Timing Closure User Guide (UG612).
INFO:Timing:2752 - To get complete path coverage, use the unconstrained paths 
   option. All paths that are not constrained will be reported in the 
   unconstrained paths section(s) of the report.
INFO:Timing:3339 - The clock-to-out numbers in this timing report are based on 
   a 50 Ohm transmission line loading model.  For the details of this model, 
   and for more information on accounting for different loading conditions, 
   please see the device datasheet.
INFO:Timing:3390 - This architecture does not support a default System Jitter 
   value, please add SYSTEM_JITTER constraint to the UCF to modify the Clock 
   Uncertainty calculation.
INFO:Timing:3389 - This architecture does not support 'Discrete Jitter' and 
   'Phase Error' calculations, these terms will be zero in the Clock 
   Uncertainty calculation.  Please make appropriate modification to 
   SYSTEM_JITTER to account for the unsupported Discrete Jitter and Phase 
   Error.



Data Sheet report:
-----------------
All values displayed in nanoseconds (ns)

Setup/Hold to clock clk
------------+------------+------------+------------------+--------+
            |Max Setup to|Max Hold to |                  | Clock  |
Source      | clk (edge) | clk (edge) |Internal Clock(s) | Phase  |
------------+------------+------------+------------------+--------+
target<0>   |   -0.139(R)|    1.449(R)|clk_BUFGP         |   0.000|
target<1>   |   -0.139(R)|    1.449(R)|clk_BUFGP         |   0.000|
target<2>   |   -0.122(R)|    1.429(R)|clk_BUFGP         |   0.000|
target<3>   |    4.674(R)|   -0.801(R)|clk_BUFGP         |   0.000|
target<4>   |    4.673(R)|   -0.799(R)|clk_BUFGP         |   0.000|
target<5>   |    4.681(R)|   -0.809(R)|clk_BUFGP         |   0.000|
------------+------------+------------+------------------+--------+

Clock clk to Pad
------------+------------+------------------+--------+
            | clk (edge) |                  | Clock  |
Destination |   to PAD   |Internal Clock(s) | Phase  |
------------+------------+------------------+--------+
pc_out<0>   |    6.179(R)|clk_BUFGP         |   0.000|
pc_out<1>   |    6.179(R)|clk_BUFGP         |   0.000|
pc_out<2>   |    6.159(R)|clk_BUFGP         |   0.000|
pc_out<3>   |    7.210(R)|clk_BUFGP         |   0.000|
pc_out<4>   |    7.495(R)|clk_BUFGP         |   0.000|
pc_out<5>   |    7.789(R)|clk_BUFGP         |   0.000|
------------+------------+------------------+--------+


Analysis completed Fri Dec 23 10:54:04 2022 
--------------------------------------------------------------------------------

Trace Settings:
-------------------------
Trace Settings 

Peak Memory Usage: 138 MB



