Release 14.7 - xst P.20131013 (nt)
Copyright (c) 1995-2013 Xilinx, Inc.  All rights reserved.
--> Parameter TMPDIR set to xst/projnav.tmp


Total REAL time to Xst completion: 0.00 secs
Total CPU time to Xst completion: 0.11 secs
 
--> Parameter xsthdpdir set to xst


Total REAL time to Xst completion: 0.00 secs
Total CPU time to Xst completion: 0.11 secs
 
--> Reading design: Register_File.prj

TABLE OF CONTENTS
  1) Synthesis Options Summary
  2) HDL Compilation
  3) Design Hierarchy Analysis
  4) HDL Analysis
  5) HDL Synthesis
     5.1) HDL Synthesis Report
  6) Advanced HDL Synthesis
     6.1) Advanced HDL Synthesis Report
  7) Low Level Synthesis
  8) Partition Report
  9) Final Report
	9.1) Device utilization summary
	9.2) Partition Resource Summary
	9.3) TIMING REPORT


=========================================================================
*                      Synthesis Options Summary                        *
=========================================================================
---- Source Parameters
Input File Name                    : "Register_File.prj"
Input Format                       : mixed
Ignore Synthesis Constraint File   : NO

---- Target Parameters
Output File Name                   : "Register_File"
Output Format                      : NGC
Target Device                      : xc3s100e-5-vq100

---- Source Options
Top Module Name                    : Register_File
Automatic FSM Extraction           : YES
FSM Encoding Algorithm             : Auto
Safe Implementation                : No
FSM Style                          : LUT
RAM Extraction                     : Yes
RAM Style                          : Auto
ROM Extraction                     : Yes
Mux Style                          : Auto
Decoder Extraction                 : YES
Priority Encoder Extraction        : Yes
Shift Register Extraction          : YES
Logical Shifter Extraction         : YES
XOR Collapsing                     : YES
ROM Style                          : Auto
Mux Extraction                     : Yes
Resource Sharing                   : YES
Asynchronous To Synchronous        : NO
Multiplier Style                   : Auto
Automatic Register Balancing       : No

---- Target Options
Add IO Buffers                     : YES
Global Maximum Fanout              : 100000
Add Generic Clock Buffer(BUFG)     : 24
Register Duplication               : YES
Slice Packing                      : YES
Optimize Instantiated Primitives   : NO
Use Clock Enable                   : Yes
Use Synchronous Set                : Yes
Use Synchronous Reset              : Yes
Pack IO Registers into IOBs        : Auto
Equivalent register Removal        : YES

---- General Options
Optimization Goal                  : Speed
Optimization Effort                : 1
Keep Hierarchy                     : No
Netlist Hierarchy                  : As_Optimized
RTL Output                         : Yes
Global Optimization                : AllClockNets
Read Cores                         : YES
Write Timing Constraints           : NO
Cross Clock Analysis               : NO
Hierarchy Separator                : /
Bus Delimiter                      : <>
Case Specifier                     : Maintain
Slice Utilization Ratio            : 100
BRAM Utilization Ratio             : 100
Verilog 2001                       : YES
Auto BRAM Packing                  : NO
Slice Utilization Ratio Delta      : 5

=========================================================================


=========================================================================
*                          HDL Compilation                              *
=========================================================================
Compiling verilog file "Reg16B.v" in library work
Compiling verilog file "Register_File.v" in library work
Module <R_16B> compiled
Module <Register_File> compiled
No errors in compilation
Analysis of file <"Register_File.prj"> succeeded.
 

=========================================================================
*                     Design Hierarchy Analysis                         *
=========================================================================
Analyzing hierarchy for module <Register_File> in library <work>.

Analyzing hierarchy for module <R_16B> in library <work>.


=========================================================================
*                            HDL Analysis                               *
=========================================================================
Analyzing top module <Register_File>.
WARNING:Xst:905 - "Register_File.v" line 126: One or more signals are missing in the sensitivity list of always block. To enable synthesis of FPGA/CPLD hardware, XST will assume that all necessary signals are present in the sensitivity list. Please note that the result of the synthesis may differ from the initial design specification. The missing signals are:
   <Out2>, <Out3>, <Out4>, <Out5>, <Out6>, <Out7>, <Out8>, <Out9>, <Out10>, <Out11>, <Out12>, <Out13>, <Out14>, <Out15>, <Out16>
WARNING:Xst:905 - "Register_File.v" line 149: One or more signals are missing in the sensitivity list of always block. To enable synthesis of FPGA/CPLD hardware, XST will assume that all necessary signals are present in the sensitivity list. Please note that the result of the synthesis may differ from the initial design specification. The missing signals are:
   <Out2>, <Out3>, <Out4>, <Out5>, <Out6>, <Out7>, <Out8>, <Out9>, <Out10>, <Out11>, <Out12>, <Out13>, <Out14>, <Out15>, <Out16>
Module <Register_File> is correct for synthesis.
 
Analyzing module <R_16B> in library <work>.
Module <R_16B> is correct for synthesis.
 

=========================================================================
*                           HDL Synthesis                               *
=========================================================================

Performing bidirectional port resolution...
INFO:Xst:2679 - Register <res1> in unit <Register_File> has a constant value of 1 during circuit operation. The register is replaced by logic.
INFO:Xst:2679 - Register <res2> in unit <Register_File> has a constant value of 1 during circuit operation. The register is replaced by logic.
INFO:Xst:2679 - Register <res3> in unit <Register_File> has a constant value of 1 during circuit operation. The register is replaced by logic.
INFO:Xst:2679 - Register <res4> in unit <Register_File> has a constant value of 1 during circuit operation. The register is replaced by logic.
INFO:Xst:2679 - Register <res5> in unit <Register_File> has a constant value of 1 during circuit operation. The register is replaced by logic.
INFO:Xst:2679 - Register <res6> in unit <Register_File> has a constant value of 1 during circuit operation. The register is replaced by logic.
INFO:Xst:2679 - Register <res7> in unit <Register_File> has a constant value of 1 during circuit operation. The register is replaced by logic.
INFO:Xst:2679 - Register <res8> in unit <Register_File> has a constant value of 1 during circuit operation. The register is replaced by logic.
INFO:Xst:2679 - Register <res9> in unit <Register_File> has a constant value of 1 during circuit operation. The register is replaced by logic.
INFO:Xst:2679 - Register <res10> in unit <Register_File> has a constant value of 1 during circuit operation. The register is replaced by logic.
INFO:Xst:2679 - Register <res11> in unit <Register_File> has a constant value of 1 during circuit operation. The register is replaced by logic.
INFO:Xst:2679 - Register <res12> in unit <Register_File> has a constant value of 1 during circuit operation. The register is replaced by logic.
INFO:Xst:2679 - Register <res13> in unit <Register_File> has a constant value of 1 during circuit operation. The register is replaced by logic.
INFO:Xst:2679 - Register <res14> in unit <Register_File> has a constant value of 1 during circuit operation. The register is replaced by logic.
INFO:Xst:2679 - Register <res15> in unit <Register_File> has a constant value of 1 during circuit operation. The register is replaced by logic.
INFO:Xst:2679 - Register <res16> in unit <Register_File> has a constant value of 1 during circuit operation. The register is replaced by logic.

Synthesizing Unit <R_16B>.
    Related source file is "Reg16B.v".
    Found 16-bit register for signal <data_out>.
    Summary:
	inferred  16 D-type flip-flop(s).
Unit <R_16B> synthesized.


Synthesizing Unit <Register_File>.
    Related source file is "Register_File.v".
    Found 16-bit 16-to-1 multiplexer for signal <RA>.
    Found 16-bit 16-to-1 multiplexer for signal <RB>.
    Summary:
	inferred  32 Multiplexer(s).
Unit <Register_File> synthesized.


=========================================================================
HDL Synthesis Report

Macro Statistics
# Registers                                            : 16
 16-bit register                                       : 16
# Multiplexers                                         : 2
 16-bit 16-to-1 multiplexer                            : 2

=========================================================================

=========================================================================
*                       Advanced HDL Synthesis                          *
=========================================================================

WARNING:Xst:2677 - Node <data_out_1> of sequential type is unconnected in block <Rs1>.
WARNING:Xst:2677 - Node <data_out_2> of sequential type is unconnected in block <Rs1>.
WARNING:Xst:2677 - Node <data_out_3> of sequential type is unconnected in block <Rs1>.
WARNING:Xst:2677 - Node <data_out_4> of sequential type is unconnected in block <Rs1>.
WARNING:Xst:2677 - Node <data_out_5> of sequential type is unconnected in block <Rs1>.
WARNING:Xst:2677 - Node <data_out_6> of sequential type is unconnected in block <Rs1>.
WARNING:Xst:2677 - Node <data_out_7> of sequential type is unconnected in block <Rs1>.
WARNING:Xst:2677 - Node <data_out_8> of sequential type is unconnected in block <Rs1>.
WARNING:Xst:2677 - Node <data_out_9> of sequential type is unconnected in block <Rs1>.
WARNING:Xst:2677 - Node <data_out_10> of sequential type is unconnected in block <Rs1>.
WARNING:Xst:2677 - Node <data_out_11> of sequential type is unconnected in block <Rs1>.
WARNING:Xst:2677 - Node <data_out_12> of sequential type is unconnected in block <Rs1>.
WARNING:Xst:2677 - Node <data_out_13> of sequential type is unconnected in block <Rs1>.
WARNING:Xst:2677 - Node <data_out_14> of sequential type is unconnected in block <Rs1>.
WARNING:Xst:2677 - Node <data_out_15> of sequential type is unconnected in block <Rs1>.
WARNING:Xst:2677 - Node <data_out_1> of sequential type is unconnected in block <Rs2>.
WARNING:Xst:2677 - Node <data_out_2> of sequential type is unconnected in block <Rs2>.
WARNING:Xst:2677 - Node <data_out_3> of sequential type is unconnected in block <Rs2>.
WARNING:Xst:2677 - Node <data_out_4> of sequential type is unconnected in block <Rs2>.
WARNING:Xst:2677 - Node <data_out_5> of sequential type is unconnected in block <Rs2>.
WARNING:Xst:2677 - Node <data_out_6> of sequential type is unconnected in block <Rs2>.
WARNING:Xst:2677 - Node <data_out_7> of sequential type is unconnected in block <Rs2>.
WARNING:Xst:2677 - Node <data_out_8> of sequential type is unconnected in block <Rs2>.
WARNING:Xst:2677 - Node <data_out_9> of sequential type is unconnected in block <Rs2>.
WARNING:Xst:2677 - Node <data_out_10> of sequential type is unconnected in block <Rs2>.
WARNING:Xst:2677 - Node <data_out_11> of sequential type is unconnected in block <Rs2>.
WARNING:Xst:2677 - Node <data_out_12> of sequential type is unconnected in block <Rs2>.
WARNING:Xst:2677 - Node <data_out_13> of sequential type is unconnected in block <Rs2>.
WARNING:Xst:2677 - Node <data_out_14> of sequential type is unconnected in block <Rs2>.
WARNING:Xst:2677 - Node <data_out_15> of sequential type is unconnected in block <Rs2>.
WARNING:Xst:2677 - Node <data_out_1> of sequential type is unconnected in block <Rs3>.
WARNING:Xst:2677 - Node <data_out_2> of sequential type is unconnected in block <Rs3>.
WARNING:Xst:2677 - Node <data_out_3> of sequential type is unconnected in block <Rs3>.
WARNING:Xst:2677 - Node <data_out_4> of sequential type is unconnected in block <Rs3>.
WARNING:Xst:2677 - Node <data_out_5> of sequential type is unconnected in block <Rs3>.
WARNING:Xst:2677 - Node <data_out_6> of sequential type is unconnected in block <Rs3>.
WARNING:Xst:2677 - Node <data_out_7> of sequential type is unconnected in block <Rs3>.
WARNING:Xst:2677 - Node <data_out_8> of sequential type is unconnected in block <Rs3>.
WARNING:Xst:2677 - Node <data_out_9> of sequential type is unconnected in block <Rs3>.
WARNING:Xst:2677 - Node <data_out_10> of sequential type is unconnected in block <Rs3>.
WARNING:Xst:2677 - Node <data_out_11> of sequential type is unconnected in block <Rs3>.
WARNING:Xst:2677 - Node <data_out_12> of sequential type is unconnected in block <Rs3>.
WARNING:Xst:2677 - Node <data_out_13> of sequential type is unconnected in block <Rs3>.
WARNING:Xst:2677 - Node <data_out_14> of sequential type is unconnected in block <Rs3>.
WARNING:Xst:2677 - Node <data_out_15> of sequential type is unconnected in block <Rs3>.
WARNING:Xst:2677 - Node <data_out_1> of sequential type is unconnected in block <Rs4>.
WARNING:Xst:2677 - Node <data_out_2> of sequential type is unconnected in block <Rs4>.
WARNING:Xst:2677 - Node <data_out_3> of sequential type is unconnected in block <Rs4>.
WARNING:Xst:2677 - Node <data_out_4> of sequential type is unconnected in block <Rs4>.
WARNING:Xst:2677 - Node <data_out_5> of sequential type is unconnected in block <Rs4>.
WARNING:Xst:2677 - Node <data_out_6> of sequential type is unconnected in block <Rs4>.
WARNING:Xst:2677 - Node <data_out_7> of sequential type is unconnected in block <Rs4>.
WARNING:Xst:2677 - Node <data_out_8> of sequential type is unconnected in block <Rs4>.
WARNING:Xst:2677 - Node <data_out_9> of sequential type is unconnected in block <Rs4>.
WARNING:Xst:2677 - Node <data_out_10> of sequential type is unconnected in block <Rs4>.
WARNING:Xst:2677 - Node <data_out_11> of sequential type is unconnected in block <Rs4>.
WARNING:Xst:2677 - Node <data_out_12> of sequential type is unconnected in block <Rs4>.
WARNING:Xst:2677 - Node <data_out_13> of sequential type is unconnected in block <Rs4>.
WARNING:Xst:2677 - Node <data_out_14> of sequential type is unconnected in block <Rs4>.
WARNING:Xst:2677 - Node <data_out_15> of sequential type is unconnected in block <Rs4>.
WARNING:Xst:2677 - Node <data_out_1> of sequential type is unconnected in block <Rs5>.
WARNING:Xst:2677 - Node <data_out_2> of sequential type is unconnected in block <Rs5>.
WARNING:Xst:2677 - Node <data_out_3> of sequential type is unconnected in block <Rs5>.
WARNING:Xst:2677 - Node <data_out_4> of sequential type is unconnected in block <Rs5>.
WARNING:Xst:2677 - Node <data_out_5> of sequential type is unconnected in block <Rs5>.
WARNING:Xst:2677 - Node <data_out_6> of sequential type is unconnected in block <Rs5>.
WARNING:Xst:2677 - Node <data_out_7> of sequential type is unconnected in block <Rs5>.
WARNING:Xst:2677 - Node <data_out_8> of sequential type is unconnected in block <Rs5>.
WARNING:Xst:2677 - Node <data_out_9> of sequential type is unconnected in block <Rs5>.
WARNING:Xst:2677 - Node <data_out_10> of sequential type is unconnected in block <Rs5>.
WARNING:Xst:2677 - Node <data_out_11> of sequential type is unconnected in block <Rs5>.
WARNING:Xst:2677 - Node <data_out_12> of sequential type is unconnected in block <Rs5>.
WARNING:Xst:2677 - Node <data_out_13> of sequential type is unconnected in block <Rs5>.
WARNING:Xst:2677 - Node <data_out_14> of sequential type is unconnected in block <Rs5>.
WARNING:Xst:2677 - Node <data_out_15> of sequential type is unconnected in block <Rs5>.
WARNING:Xst:2677 - Node <data_out_1> of sequential type is unconnected in block <Rs6>.
WARNING:Xst:2677 - Node <data_out_2> of sequential type is unconnected in block <Rs6>.
WARNING:Xst:2677 - Node <data_out_3> of sequential type is unconnected in block <Rs6>.
WARNING:Xst:2677 - Node <data_out_4> of sequential type is unconnected in block <Rs6>.
WARNING:Xst:2677 - Node <data_out_5> of sequential type is unconnected in block <Rs6>.
WARNING:Xst:2677 - Node <data_out_6> of sequential type is unconnected in block <Rs6>.
WARNING:Xst:2677 - Node <data_out_7> of sequential type is unconnected in block <Rs6>.
WARNING:Xst:2677 - Node <data_out_8> of sequential type is unconnected in block <Rs6>.
WARNING:Xst:2677 - Node <data_out_9> of sequential type is unconnected in block <Rs6>.
WARNING:Xst:2677 - Node <data_out_10> of sequential type is unconnected in block <Rs6>.
WARNING:Xst:2677 - Node <data_out_11> of sequential type is unconnected in block <Rs6>.
WARNING:Xst:2677 - Node <data_out_12> of sequential type is unconnected in block <Rs6>.
WARNING:Xst:2677 - Node <data_out_13> of sequential type is unconnected in block <Rs6>.
WARNING:Xst:2677 - Node <data_out_14> of sequential type is unconnected in block <Rs6>.
WARNING:Xst:2677 - Node <data_out_15> of sequential type is unconnected in block <Rs6>.
WARNING:Xst:2677 - Node <data_out_1> of sequential type is unconnected in block <Rs7>.
WARNING:Xst:2677 - Node <data_out_2> of sequential type is unconnected in block <Rs7>.
WARNING:Xst:2677 - Node <data_out_3> of sequential type is unconnected in block <Rs7>.
WARNING:Xst:2677 - Node <data_out_4> of sequential type is unconnected in block <Rs7>.
WARNING:Xst:2677 - Node <data_out_5> of sequential type is unconnected in block <Rs7>.
WARNING:Xst:2677 - Node <data_out_6> of sequential type is unconnected in block <Rs7>.
WARNING:Xst:2677 - Node <data_out_7> of sequential type is unconnected in block <Rs7>.
WARNING:Xst:2677 - Node <data_out_8> of sequential type is unconnected in block <Rs7>.
WARNING:Xst:2677 - Node <data_out_9> of sequential type is unconnected in block <Rs7>.
WARNING:Xst:2677 - Node <data_out_10> of sequential type is unconnected in block <Rs7>.
WARNING:Xst:2677 - Node <data_out_11> of sequential type is unconnected in block <Rs7>.
WARNING:Xst:2677 - Node <data_out_12> of sequential type is unconnected in block <Rs7>.
WARNING:Xst:2677 - Node <data_out_13> of sequential type is unconnected in block <Rs7>.
WARNING:Xst:2677 - Node <data_out_14> of sequential type is unconnected in block <Rs7>.
WARNING:Xst:2677 - Node <data_out_15> of sequential type is unconnected in block <Rs7>.
WARNING:Xst:2677 - Node <data_out_1> of sequential type is unconnected in block <Rs8>.
WARNING:Xst:2677 - Node <data_out_2> of sequential type is unconnected in block <Rs8>.
WARNING:Xst:2677 - Node <data_out_3> of sequential type is unconnected in block <Rs8>.
WARNING:Xst:2677 - Node <data_out_4> of sequential type is unconnected in block <Rs8>.
WARNING:Xst:2677 - Node <data_out_5> of sequential type is unconnected in block <Rs8>.
WARNING:Xst:2677 - Node <data_out_6> of sequential type is unconnected in block <Rs8>.
WARNING:Xst:2677 - Node <data_out_7> of sequential type is unconnected in block <Rs8>.
WARNING:Xst:2677 - Node <data_out_8> of sequential type is unconnected in block <Rs8>.
WARNING:Xst:2677 - Node <data_out_9> of sequential type is unconnected in block <Rs8>.
WARNING:Xst:2677 - Node <data_out_10> of sequential type is unconnected in block <Rs8>.
WARNING:Xst:2677 - Node <data_out_11> of sequential type is unconnected in block <Rs8>.
WARNING:Xst:2677 - Node <data_out_12> of sequential type is unconnected in block <Rs8>.
WARNING:Xst:2677 - Node <data_out_13> of sequential type is unconnected in block <Rs8>.
WARNING:Xst:2677 - Node <data_out_14> of sequential type is unconnected in block <Rs8>.
WARNING:Xst:2677 - Node <data_out_15> of sequential type is unconnected in block <Rs8>.
WARNING:Xst:2677 - Node <data_out_1> of sequential type is unconnected in block <Rs9>.
WARNING:Xst:2677 - Node <data_out_2> of sequential type is unconnected in block <Rs9>.
WARNING:Xst:2677 - Node <data_out_3> of sequential type is unconnected in block <Rs9>.
WARNING:Xst:2677 - Node <data_out_4> of sequential type is unconnected in block <Rs9>.
WARNING:Xst:2677 - Node <data_out_5> of sequential type is unconnected in block <Rs9>.
WARNING:Xst:2677 - Node <data_out_6> of sequential type is unconnected in block <Rs9>.
WARNING:Xst:2677 - Node <data_out_7> of sequential type is unconnected in block <Rs9>.
WARNING:Xst:2677 - Node <data_out_8> of sequential type is unconnected in block <Rs9>.
WARNING:Xst:2677 - Node <data_out_9> of sequential type is unconnected in block <Rs9>.
WARNING:Xst:2677 - Node <data_out_10> of sequential type is unconnected in block <Rs9>.
WARNING:Xst:2677 - Node <data_out_11> of sequential type is unconnected in block <Rs9>.
WARNING:Xst:2677 - Node <data_out_12> of sequential type is unconnected in block <Rs9>.
WARNING:Xst:2677 - Node <data_out_13> of sequential type is unconnected in block <Rs9>.
WARNING:Xst:2677 - Node <data_out_14> of sequential type is unconnected in block <Rs9>.
WARNING:Xst:2677 - Node <data_out_15> of sequential type is unconnected in block <Rs9>.
WARNING:Xst:2677 - Node <data_out_1> of sequential type is unconnected in block <Rs10>.
WARNING:Xst:2677 - Node <data_out_2> of sequential type is unconnected in block <Rs10>.
WARNING:Xst:2677 - Node <data_out_3> of sequential type is unconnected in block <Rs10>.
WARNING:Xst:2677 - Node <data_out_4> of sequential type is unconnected in block <Rs10>.
WARNING:Xst:2677 - Node <data_out_5> of sequential type is unconnected in block <Rs10>.
WARNING:Xst:2677 - Node <data_out_6> of sequential type is unconnected in block <Rs10>.
WARNING:Xst:2677 - Node <data_out_7> of sequential type is unconnected in block <Rs10>.
WARNING:Xst:2677 - Node <data_out_8> of sequential type is unconnected in block <Rs10>.
WARNING:Xst:2677 - Node <data_out_9> of sequential type is unconnected in block <Rs10>.
WARNING:Xst:2677 - Node <data_out_10> of sequential type is unconnected in block <Rs10>.
WARNING:Xst:2677 - Node <data_out_11> of sequential type is unconnected in block <Rs10>.
WARNING:Xst:2677 - Node <data_out_12> of sequential type is unconnected in block <Rs10>.
WARNING:Xst:2677 - Node <data_out_13> of sequential type is unconnected in block <Rs10>.
WARNING:Xst:2677 - Node <data_out_14> of sequential type is unconnected in block <Rs10>.
WARNING:Xst:2677 - Node <data_out_15> of sequential type is unconnected in block <Rs10>.
WARNING:Xst:2677 - Node <data_out_1> of sequential type is unconnected in block <Rs11>.
WARNING:Xst:2677 - Node <data_out_2> of sequential type is unconnected in block <Rs11>.
WARNING:Xst:2677 - Node <data_out_3> of sequential type is unconnected in block <Rs11>.
WARNING:Xst:2677 - Node <data_out_4> of sequential type is unconnected in block <Rs11>.
WARNING:Xst:2677 - Node <data_out_5> of sequential type is unconnected in block <Rs11>.
WARNING:Xst:2677 - Node <data_out_6> of sequential type is unconnected in block <Rs11>.
WARNING:Xst:2677 - Node <data_out_7> of sequential type is unconnected in block <Rs11>.
WARNING:Xst:2677 - Node <data_out_8> of sequential type is unconnected in block <Rs11>.
WARNING:Xst:2677 - Node <data_out_9> of sequential type is unconnected in block <Rs11>.
WARNING:Xst:2677 - Node <data_out_10> of sequential type is unconnected in block <Rs11>.
WARNING:Xst:2677 - Node <data_out_11> of sequential type is unconnected in block <Rs11>.
WARNING:Xst:2677 - Node <data_out_12> of sequential type is unconnected in block <Rs11>.
WARNING:Xst:2677 - Node <data_out_13> of sequential type is unconnected in block <Rs11>.
WARNING:Xst:2677 - Node <data_out_14> of sequential type is unconnected in block <Rs11>.
WARNING:Xst:2677 - Node <data_out_15> of sequential type is unconnected in block <Rs11>.
WARNING:Xst:2677 - Node <data_out_1> of sequential type is unconnected in block <Rs12>.
WARNING:Xst:2677 - Node <data_out_2> of sequential type is unconnected in block <Rs12>.
WARNING:Xst:2677 - Node <data_out_3> of sequential type is unconnected in block <Rs12>.
WARNING:Xst:2677 - Node <data_out_4> of sequential type is unconnected in block <Rs12>.
WARNING:Xst:2677 - Node <data_out_5> of sequential type is unconnected in block <Rs12>.
WARNING:Xst:2677 - Node <data_out_6> of sequential type is unconnected in block <Rs12>.
WARNING:Xst:2677 - Node <data_out_7> of sequential type is unconnected in block <Rs12>.
WARNING:Xst:2677 - Node <data_out_8> of sequential type is unconnected in block <Rs12>.
WARNING:Xst:2677 - Node <data_out_9> of sequential type is unconnected in block <Rs12>.
WARNING:Xst:2677 - Node <data_out_10> of sequential type is unconnected in block <Rs12>.
WARNING:Xst:2677 - Node <data_out_11> of sequential type is unconnected in block <Rs12>.
WARNING:Xst:2677 - Node <data_out_12> of sequential type is unconnected in block <Rs12>.
WARNING:Xst:2677 - Node <data_out_13> of sequential type is unconnected in block <Rs12>.
WARNING:Xst:2677 - Node <data_out_14> of sequential type is unconnected in block <Rs12>.
WARNING:Xst:2677 - Node <data_out_15> of sequential type is unconnected in block <Rs12>.
WARNING:Xst:2677 - Node <data_out_1> of sequential type is unconnected in block <Rs13>.
WARNING:Xst:2677 - Node <data_out_2> of sequential type is unconnected in block <Rs13>.
WARNING:Xst:2677 - Node <data_out_3> of sequential type is unconnected in block <Rs13>.
WARNING:Xst:2677 - Node <data_out_4> of sequential type is unconnected in block <Rs13>.
WARNING:Xst:2677 - Node <data_out_5> of sequential type is unconnected in block <Rs13>.
WARNING:Xst:2677 - Node <data_out_6> of sequential type is unconnected in block <Rs13>.
WARNING:Xst:2677 - Node <data_out_7> of sequential type is unconnected in block <Rs13>.
WARNING:Xst:2677 - Node <data_out_8> of sequential type is unconnected in block <Rs13>.
WARNING:Xst:2677 - Node <data_out_9> of sequential type is unconnected in block <Rs13>.
WARNING:Xst:2677 - Node <data_out_10> of sequential type is unconnected in block <Rs13>.
WARNING:Xst:2677 - Node <data_out_11> of sequential type is unconnected in block <Rs13>.
WARNING:Xst:2677 - Node <data_out_12> of sequential type is unconnected in block <Rs13>.
WARNING:Xst:2677 - Node <data_out_13> of sequential type is unconnected in block <Rs13>.
WARNING:Xst:2677 - Node <data_out_14> of sequential type is unconnected in block <Rs13>.
WARNING:Xst:2677 - Node <data_out_15> of sequential type is unconnected in block <Rs13>.
WARNING:Xst:2677 - Node <data_out_1> of sequential type is unconnected in block <Rs14>.
WARNING:Xst:2677 - Node <data_out_2> of sequential type is unconnected in block <Rs14>.
WARNING:Xst:2677 - Node <data_out_3> of sequential type is unconnected in block <Rs14>.
WARNING:Xst:2677 - Node <data_out_4> of sequential type is unconnected in block <Rs14>.
WARNING:Xst:2677 - Node <data_out_5> of sequential type is unconnected in block <Rs14>.
WARNING:Xst:2677 - Node <data_out_6> of sequential type is unconnected in block <Rs14>.
WARNING:Xst:2677 - Node <data_out_7> of sequential type is unconnected in block <Rs14>.
WARNING:Xst:2677 - Node <data_out_8> of sequential type is unconnected in block <Rs14>.
WARNING:Xst:2677 - Node <data_out_9> of sequential type is unconnected in block <Rs14>.
WARNING:Xst:2677 - Node <data_out_10> of sequential type is unconnected in block <Rs14>.
WARNING:Xst:2677 - Node <data_out_11> of sequential type is unconnected in block <Rs14>.
WARNING:Xst:2677 - Node <data_out_12> of sequential type is unconnected in block <Rs14>.
WARNING:Xst:2677 - Node <data_out_13> of sequential type is unconnected in block <Rs14>.
WARNING:Xst:2677 - Node <data_out_14> of sequential type is unconnected in block <Rs14>.
WARNING:Xst:2677 - Node <data_out_15> of sequential type is unconnected in block <Rs14>.
WARNING:Xst:2677 - Node <data_out_1> of sequential type is unconnected in block <Rs15>.
WARNING:Xst:2677 - Node <data_out_2> of sequential type is unconnected in block <Rs15>.
WARNING:Xst:2677 - Node <data_out_3> of sequential type is unconnected in block <Rs15>.
WARNING:Xst:2677 - Node <data_out_4> of sequential type is unconnected in block <Rs15>.
WARNING:Xst:2677 - Node <data_out_5> of sequential type is unconnected in block <Rs15>.
WARNING:Xst:2677 - Node <data_out_6> of sequential type is unconnected in block <Rs15>.
WARNING:Xst:2677 - Node <data_out_7> of sequential type is unconnected in block <Rs15>.
WARNING:Xst:2677 - Node <data_out_8> of sequential type is unconnected in block <Rs15>.
WARNING:Xst:2677 - Node <data_out_9> of sequential type is unconnected in block <Rs15>.
WARNING:Xst:2677 - Node <data_out_10> of sequential type is unconnected in block <Rs15>.
WARNING:Xst:2677 - Node <data_out_11> of sequential type is unconnected in block <Rs15>.
WARNING:Xst:2677 - Node <data_out_12> of sequential type is unconnected in block <Rs15>.
WARNING:Xst:2677 - Node <data_out_13> of sequential type is unconnected in block <Rs15>.
WARNING:Xst:2677 - Node <data_out_14> of sequential type is unconnected in block <Rs15>.
WARNING:Xst:2677 - Node <data_out_15> of sequential type is unconnected in block <Rs15>.
WARNING:Xst:2677 - Node <data_out_1> of sequential type is unconnected in block <Rs16>.
WARNING:Xst:2677 - Node <data_out_2> of sequential type is unconnected in block <Rs16>.
WARNING:Xst:2677 - Node <data_out_3> of sequential type is unconnected in block <Rs16>.
WARNING:Xst:2677 - Node <data_out_4> of sequential type is unconnected in block <Rs16>.
WARNING:Xst:2677 - Node <data_out_5> of sequential type is unconnected in block <Rs16>.
WARNING:Xst:2677 - Node <data_out_6> of sequential type is unconnected in block <Rs16>.
WARNING:Xst:2677 - Node <data_out_7> of sequential type is unconnected in block <Rs16>.
WARNING:Xst:2677 - Node <data_out_8> of sequential type is unconnected in block <Rs16>.
WARNING:Xst:2677 - Node <data_out_9> of sequential type is unconnected in block <Rs16>.
WARNING:Xst:2677 - Node <data_out_10> of sequential type is unconnected in block <Rs16>.
WARNING:Xst:2677 - Node <data_out_11> of sequential type is unconnected in block <Rs16>.
WARNING:Xst:2677 - Node <data_out_12> of sequential type is unconnected in block <Rs16>.
WARNING:Xst:2677 - Node <data_out_13> of sequential type is unconnected in block <Rs16>.
WARNING:Xst:2677 - Node <data_out_14> of sequential type is unconnected in block <Rs16>.
WARNING:Xst:2677 - Node <data_out_15> of sequential type is unconnected in block <Rs16>.

=========================================================================
Advanced HDL Synthesis Report

Macro Statistics
# Registers                                            : 256
 Flip-Flops                                            : 256
# Multiplexers                                         : 2
 16-bit 16-to-1 multiplexer                            : 2

=========================================================================

=========================================================================
*                         Low Level Synthesis                           *
=========================================================================
WARNING:Xst:1989 - Unit <Register_File>: instances <Rs1>, <Rs2> of unit <R_16B> are equivalent, second instance is removed
WARNING:Xst:1989 - Unit <Register_File>: instances <Rs1>, <Rs3> of unit <R_16B> are equivalent, second instance is removed
WARNING:Xst:1989 - Unit <Register_File>: instances <Rs1>, <Rs4> of unit <R_16B> are equivalent, second instance is removed
WARNING:Xst:1989 - Unit <Register_File>: instances <Rs1>, <Rs5> of unit <R_16B> are equivalent, second instance is removed
WARNING:Xst:1989 - Unit <Register_File>: instances <Rs1>, <Rs6> of unit <R_16B> are equivalent, second instance is removed
WARNING:Xst:1989 - Unit <Register_File>: instances <Rs1>, <Rs7> of unit <R_16B> are equivalent, second instance is removed
WARNING:Xst:1989 - Unit <Register_File>: instances <Rs1>, <Rs8> of unit <R_16B> are equivalent, second instance is removed
WARNING:Xst:1989 - Unit <Register_File>: instances <Rs1>, <Rs9> of unit <R_16B> are equivalent, second instance is removed
WARNING:Xst:1989 - Unit <Register_File>: instances <Rs1>, <Rs10> of unit <R_16B> are equivalent, second instance is removed
WARNING:Xst:1989 - Unit <Register_File>: instances <Rs1>, <Rs11> of unit <R_16B> are equivalent, second instance is removed
WARNING:Xst:1989 - Unit <Register_File>: instances <Rs1>, <Rs12> of unit <R_16B> are equivalent, second instance is removed
WARNING:Xst:1989 - Unit <Register_File>: instances <Rs1>, <Rs13> of unit <R_16B> are equivalent, second instance is removed
WARNING:Xst:1989 - Unit <Register_File>: instances <Rs1>, <Rs14> of unit <R_16B> are equivalent, second instance is removed
WARNING:Xst:1989 - Unit <Register_File>: instances <Rs1>, <Rs15> of unit <R_16B> are equivalent, second instance is removed
WARNING:Xst:1989 - Unit <Register_File>: instances <Rs1>, <Rs16> of unit <R_16B> are equivalent, second instance is removed

Optimizing unit <Register_File> ...

Optimizing unit <R_16B> ...
WARNING:Xst:2677 - Node <Rs1/data_out_15> of sequential type is unconnected in block <Register_File>.
WARNING:Xst:2677 - Node <Rs1/data_out_14> of sequential type is unconnected in block <Register_File>.
WARNING:Xst:2677 - Node <Rs1/data_out_13> of sequential type is unconnected in block <Register_File>.
WARNING:Xst:2677 - Node <Rs1/data_out_12> of sequential type is unconnected in block <Register_File>.
WARNING:Xst:2677 - Node <Rs1/data_out_11> of sequential type is unconnected in block <Register_File>.
WARNING:Xst:2677 - Node <Rs1/data_out_10> of sequential type is unconnected in block <Register_File>.
WARNING:Xst:2677 - Node <Rs1/data_out_9> of sequential type is unconnected in block <Register_File>.
WARNING:Xst:2677 - Node <Rs1/data_out_8> of sequential type is unconnected in block <Register_File>.
WARNING:Xst:2677 - Node <Rs1/data_out_7> of sequential type is unconnected in block <Register_File>.
WARNING:Xst:2677 - Node <Rs1/data_out_6> of sequential type is unconnected in block <Register_File>.
WARNING:Xst:2677 - Node <Rs1/data_out_5> of sequential type is unconnected in block <Register_File>.
WARNING:Xst:2677 - Node <Rs1/data_out_4> of sequential type is unconnected in block <Register_File>.
WARNING:Xst:2677 - Node <Rs1/data_out_3> of sequential type is unconnected in block <Register_File>.
WARNING:Xst:2677 - Node <Rs1/data_out_2> of sequential type is unconnected in block <Register_File>.
WARNING:Xst:2677 - Node <Rs1/data_out_1> of sequential type is unconnected in block <Register_File>.

Mapping all equations...
Building and optimizing final netlist ...
Found area constraint ratio of 100 (+ 5) on block Register_File, actual ratio is 0.
FlipFlop Rs1/data_out_0 has been replicated 1 time(s) to handle iob=true attribute.

Final Macro Processing ...

=========================================================================
Final Register Report

Macro Statistics
# Registers                                            : 2
 Flip-Flops                                            : 2

=========================================================================

=========================================================================
*                           Partition Report                            *
=========================================================================

Partition Implementation Status
-------------------------------

  No Partitions were found in this design.

-------------------------------

=========================================================================
*                            Final Report                               *
=========================================================================
Final Results
RTL Top Level Output File Name     : Register_File.ngr
Top Level Output File Name         : Register_File
Output Format                      : NGC
Optimization Goal                  : Speed
Keep Hierarchy                     : No

Design Statistics
# IOs                              : 63

Cell Usage :
# BELS                             : 1
#      GND                         : 1
# FlipFlops/Latches                : 2
#      FDCE                        : 2
# Clock Buffers                    : 1
#      BUFGP                       : 1
# IO Buffers                       : 35
#      IBUF                        : 3
#      OBUF                        : 32
=========================================================================

Device utilization summary:
---------------------------

Selected Device : 3s100evq100-5 

 Number of Slices:                        0  out of    960     0%  
 Number of IOs:                          63
 Number of bonded IOBs:                  36  out of     66    54%  
    IOB Flip Flops:                       2
 Number of GCLKs:                         1  out of     24     4%  

---------------------------
Partition Resource Summary:
---------------------------

  No Partitions were found in this design.

---------------------------


=========================================================================
TIMING REPORT

NOTE: THESE TIMING NUMBERS ARE ONLY A SYNTHESIS ESTIMATE.
      FOR ACCURATE TIMING INFORMATION PLEASE REFER TO THE TRACE REPORT
      GENERATED AFTER PLACE-and-ROUTE.

Clock Information:
------------------
-----------------------------------+------------------------+-------+
Clock Signal                       | Clock buffer(FF name)  | Load  |
-----------------------------------+------------------------+-------+
clk                                | BUFGP                  | 2     |
-----------------------------------+------------------------+-------+

Asynchronous Control Signals Information:
----------------------------------------
-----------------------------------+------------------------+-------+
Control Signal                     | Buffer(FF name)        | Load  |
-----------------------------------+------------------------+-------+
rst                                | IBUF                   | 2     |
-----------------------------------+------------------------+-------+

Timing Summary:
---------------
Speed Grade: -5

   Minimum period: No path found
   Minimum input arrival time before clock: 1.969ns
   Maximum output required time after clock: 4.040ns
   Maximum combinational path delay: No path found

Timing Detail:
--------------
All values displayed in nanoseconds (ns)

=========================================================================
Timing constraint: Default OFFSET IN BEFORE for Clock 'clk'
  Total number of paths / destination ports: 4 / 4
-------------------------------------------------------------------------
Offset:              1.969ns (Levels of Logic = 1)
  Source:            wr (PAD)
  Destination:       Rs1/data_out_0 (FF)
  Destination Clock: clk rising

  Data Path: wr to Rs1/data_out_0
                                Gate     Net
    Cell:in->out      fanout   Delay   Delay  Logical Name (Net Name)
    ----------------------------------------  ------------
     IBUF:I->O             2   1.106   0.380  wr_IBUF (wr_IBUF)
     FDCE:CE                   0.483          Rs1/data_out_0
    ----------------------------------------
    Total                      1.969ns (1.589ns logic, 0.380ns route)
                                       (80.7% logic, 19.3% route)

=========================================================================
Timing constraint: Default OFFSET OUT AFTER for Clock 'clk'
  Total number of paths / destination ports: 2 / 2
-------------------------------------------------------------------------
Offset:              4.040ns (Levels of Logic = 1)
  Source:            Rs1/data_out_0_1 (FF)
  Destination:       Rout1<0> (PAD)
  Source Clock:      clk rising

  Data Path: Rs1/data_out_0_1 to Rout1<0>
                                Gate     Net
    Cell:in->out      fanout   Delay   Delay  Logical Name (Net Name)
    ----------------------------------------  ------------
     FDCE:C->Q             1   0.514   0.357  Rs1/data_out_0_1 (Rs1/data_out_0_1)
     OBUF:I->O                 3.169          Rout1_0_OBUF (Rout1<0>)
    ----------------------------------------
    Total                      4.040ns (3.683ns logic, 0.357ns route)
                                       (91.2% logic, 8.8% route)

=========================================================================


Total REAL time to Xst completion: 5.00 secs
Total CPU time to Xst completion: 4.29 secs
 
--> 

Total memory usage is 230516 kilobytes

Number of errors   :    0 (   0 filtered)
Number of warnings :  288 (   0 filtered)
Number of infos    :   16 (   0 filtered)

