Running: D:\Xilinx\14.7\ISE_DS\ISE\bin\nt\unwrapped\fuse.exe -intstyle ise -incremental -lib unisims_ver -lib unimacro_ver -lib xilinxcorelib_ver -o C:/Users/aites/Documents/Github/16-Bit-RISC-Core-Procesor/Low_Level_Implementation/Sign_Extender/Sign_Extender/Sign_Extender_tb_isim_beh.exe -prj C:/Users/aites/Documents/Github/16-Bit-RISC-Core-Procesor/Low_Level_Implementation/Sign_Extender/Sign_Extender/Sign_Extender_tb_beh.prj work.Sign_Extender_tb work.glbl 
ISim P.20131013 (signature 0x8ef4fb42)
Number of CPUs detected in this system: 8
Turning on mult-threading, number of parallel sub-compilation jobs: 16 
Determining compilation order of HDL files
Analyzing Verilog file "C:/Users/aites/Documents/Github/16-Bit-RISC-Core-Procesor/Low_Level_Implementation/Sign_Extender/Sign_Extender/Sign_Extender.v" into library work
Analyzing Verilog file "C:/Users/aites/Documents/Github/16-Bit-RISC-Core-Procesor/Low_Level_Implementation/Sign_Extender/Sign_Extender/Sign_Extender_tb.v" into library work
Analyzing Verilog file "D:/Xilinx/14.7/ISE_DS/ISE//verilog/src/glbl.v" into library work
Starting static elaboration
Completed static elaboration
Fuse Memory Usage: 159896 KB
Fuse CPU Usage: 155 ms
Compiling module Sign_Extender
Compiling module Sign_Extender_tb
Compiling module glbl
Time Resolution for simulation is 1ps.
Waiting for 1 sub-compilation(s) to finish...
Compiled 3 Verilog Units
Built simulation executable C:/Users/aites/Documents/Github/16-Bit-RISC-Core-Procesor/Low_Level_Implementation/Sign_Extender/Sign_Extender/Sign_Extender_tb_isim_beh.exe
Fuse Memory Usage: 165372 KB
Fuse CPU Usage: 171 ms
